<beans xmlns="http://www.springframework.org/schema/beans"
	xmlns:xsi="http://www.w3.org/2001/XMLSchema-instance" 
	xmlns:context="http://www.springframework.org/schema/context"
	xmlns:tx="http://www.springframework.org/schema/tx"	
	xsi:schemaLocation="
		http://www.springframework.org/schema/beans	
		http://www.springframework.org/schema/beans/spring-beans.xsd
	 
		http://www.springframework.org/schema/tx 
		http://www.springframework.org/schema/tx/spring-tx.xsd
		 
		http://www.springframework.org/schema/context
		http://www.springframework.org/schema/context/spring-context.xsd">
 
	<context:component-scan base-package="com.cognizant.xbssdg.poc.rest.*" />
    
    <!-- import the dataSource definition -->
    <import resource="data-source.xml"/> 
     
	<!--
		Instruct Spring to perform declarative transaction management
		automatically on annotated classes.
	-->	
	<tx:annotation-driven transaction-manager="transactionManager" />  
    <bean id="transactionManager"
          class="org.springframework.jdbc.datasource.DataSourceTransactionManager">
        <property name="dataSource" ref="dataSource"/>
    </bean>  
    
    	
	<bean id="userDao" class="com.cognizant.xbssdg.poc.rest.dao.impl.UserDaoJPA2Impl"/>
	<bean id="userManagementService" class="com.cognizant.xbssdg.poc.rest.service.UserManagementServiceImpl">
		<property name="userDao" ref="userDao"/>
	</bean>
	
	<!-- 		
    <bean id="userRestService" class="com.cognizant.xbssdg.poc.rest.service.UserRestService" >
    	<property name="userDao" ref="userDao"/>
    </bean>
     -->
	<bean id="dataSource" class="org.springframework.jndi.JndiObjectFactoryBean" scope="singleton">
	    <property name="jndiName" value="java:comp/env/jdbc/restAppDB" />
	    <property name="resourceRef" value="true" />        
	</bean>
</beans>